c:\work\vengrialgoritm\vengrialgoritm\debug\vc120.pdb
c:\work\vengrialgoritm\vengrialgoritm\debug\vc120.idb
c:\work\vengrialgoritm\vengrialgoritm\debug\vengr.obj
c:\work\vengrialgoritm\vengrialgoritm\debug\main.obj
c:\work\vengrialgoritm\debug\vengrialgoritm.pdb
c:\work\vengrialgoritm\vengrialgoritm\debug\vengrialgoritm.tlog\cl.command.1.tlog
c:\work\vengrialgoritm\vengrialgoritm\debug\vengrialgoritm.tlog\cl.read.1.tlog
c:\work\vengrialgoritm\vengrialgoritm\debug\vengrialgoritm.tlog\cl.write.1.tlog
c:\work\vengrialgoritm\vengrialgoritm\debug\vengrialgoritm.tlog\link-cvtres.read.1.tlog
c:\work\vengrialgoritm\vengrialgoritm\debug\vengrialgoritm.tlog\link-cvtres.write.1.tlog
c:\work\vengrialgoritm\vengrialgoritm\debug\vengrialgoritm.tlog\link-rc.read.1.tlog
c:\work\vengrialgoritm\vengrialgoritm\debug\vengrialgoritm.tlog\link-rc.write.1.tlog
c:\work\vengrialgoritm\vengrialgoritm\debug\vengrialgoritm.tlog\link.4680-cvtres.read.1.tlog
c:\work\vengrialgoritm\vengrialgoritm\debug\vengrialgoritm.tlog\link.4680-cvtres.write.1.tlog
c:\work\vengrialgoritm\vengrialgoritm\debug\vengrialgoritm.tlog\link.4680-rc.read.1.tlog
c:\work\vengrialgoritm\vengrialgoritm\debug\vengrialgoritm.tlog\link.4680-rc.write.1.tlog
c:\work\vengrialgoritm\vengrialgoritm\debug\vengrialgoritm.tlog\link.4680.read.1.tlog
c:\work\vengrialgoritm\vengrialgoritm\debug\vengrialgoritm.tlog\link.4680.write.1.tlog
c:\work\vengrialgoritm\vengrialgoritm\debug\vengrialgoritm.tlog\link.command.1.tlog
c:\work\vengrialgoritm\vengrialgoritm\debug\vengrialgoritm.tlog\link.read.1.tlog
c:\work\vengrialgoritm\vengrialgoritm\debug\vengrialgoritm.tlog\link.write.1.tlog
